[11-06-2022 00:36:07]You haven't entered all data
[11-06-2022 00:36:25]You haven't entered all data
[11-06-2022 00:36:28]Denominator cannot equal zero
[12-06-2022 21:19:09]You haven't entered all data
[12-06-2022 21:19:31]Too many numbers
[12-06-2022 21:23:24]You entered letters instead of numbers
[12-06-2022 21:24:28]Number overflow
[12-06-2022 21:24:29]Number overflow
[12-06-2022 21:24:37]Cannot divide on zero
[12-06-2022 21:24:39]Cannot divide on zero
[12-06-2022 21:24:39]Cannot divide on zero
[12-06-2022 21:24:41]Cannot divide on zero
[12-06-2022 21:24:42]Cannot divide on zero
[12-06-2022 21:24:44]Cannot divide on zero
[12-06-2022 21:24:45]Cannot divide on zero
[12-06-2022 21:24:46]Cannot divide on zero
[12-06-2022 21:24:47]Cannot divide on zero
[12-06-2022 21:24:48]Cannot divide on zero
[12-06-2022 21:24:49]Cannot divide on zero
[12-06-2022 21:24:49]Cannot divide on zero
[12-06-2022 21:24:50]Cannot divide on zero
[12-06-2022 21:24:52]Cannot divide on zero
[12-06-2022 21:24:56]Cannot inverse Fraction where numerator equals zero
[12-06-2022 21:24:59]Cannot inverse Fraction where numerator equals zero
[12-06-2022 21:25:07]Cannot inverse Fraction where numerator equals zero
[12-06-2022 21:25:12]Cannot inverse Fraction where numerator equals zero
[12-06-2022 21:25:20]Number overflow
[12-06-2022 21:25:21]Number overflow
[12-06-2022 21:25:23]Cannot inverse Fraction where numerator equals zero
[12-06-2022 21:26:05]You haven't entered all data
[12-06-2022 21:29:52]Number overflow
[12-06-2022 21:29:58]Number overflow
[12-06-2022 21:31:13]You haven't entered all data
[12-06-2022 21:36:52]You haven't entered all data
[12-06-2022 21:36:56]Number overflow
[12-06-2022 21:37:52]Too many numbers
[12-06-2022 21:37:55]Number overflow
[12-06-2022 21:37:58]Number overflow
[12-06-2022 21:38:04]Number overflow
[12-06-2022 21:39:38]You haven't entered all data
[12-06-2022 21:39:41]Number overflow
[12-06-2022 21:39:43]Number overflow
[12-06-2022 21:39:45]Number overflow
[12-06-2022 21:39:53]Number overflow
[12-06-2022 21:39:56]Number overflow
[12-06-2022 21:48:33]You haven't entered all data
[12-06-2022 21:48:36]Number overflow
[12-06-2022 21:51:20]Too many numbers
[12-06-2022 21:51:39]Too many numbers
[12-06-2022 21:52:20]Too many numbers
[12-06-2022 21:52:23]Number overflow
[12-06-2022 22:40:39]You haven't entered all data
[12-06-2022 22:40:53]Number overflow
[12-06-2022 22:41:04]Number overflow
[12-06-2022 22:41:15]Number overflow
[12-06-2022 22:42:08]You haven't entered all data
[12-06-2022 22:42:19]Too many numbers
[12-06-2022 22:42:23]Number overflow
[12-06-2022 22:42:25]Number overflow
[12-06-2022 22:45:57]Number overflow
[12-06-2022 22:45:59]Number overflow
[12-06-2022 22:46:02]Number overflow
[12-06-2022 22:46:06]Number overflow
[12-06-2022 22:46:08]Number overflow
[12-06-2022 22:46:10]Number overflow
[12-06-2022 22:46:12]Number overflow
[12-06-2022 22:48:42]Number overflow
[12-06-2022 22:48:44]Number overflow
[12-06-2022 22:48:45]Number overflow
[12-06-2022 22:48:46]Number overflow
[12-06-2022 22:49:04]Number overflow
[12-06-2022 23:02:35]You haven't entered all data
[12-06-2022 23:02:39]Number overflow
[12-06-2022 23:02:41]Number overflow
[12-06-2022 23:08:55]Number overflow
[13-06-2022 18:44:50]Number overflow
[13-06-2022 18:44:56]Number overflow
[13-06-2022 18:45:06]Too many numbers
[13-06-2022 18:45:11]Cannot divide on zero
[13-06-2022 18:45:13]Denominator cannot equal zero
[13-06-2022 18:45:14]Denominator cannot equal zero
[13-06-2022 18:45:19]You haven't entered all data
[13-06-2022 18:45:21]You haven't entered all data
[13-06-2022 18:45:23]You haven't entered all data
[13-06-2022 18:45:25]Cannot inverse Fraction where numerator equals zero
[13-06-2022 18:45:28]Cannot inverse Fraction where numerator equals zero
